min/?f=/includes/modules/pages/paypal_signup/jscript_paypal_signup.js,/includes/templates/nmn/jscript/jquery/jquery-1.12.0.min.js,/includes/templates/nmn/jscript/jquery/jquery-1.11.3.min.js,/includes/templates/nmn/jscript/jquery/jquery-migrate-1.2.1.min.js,/includes/templates/nmn/jscript/jquery/jquery-ui-1.12.1.custom.min.js,/includes/templates/nmn/jscript/jquery/jquery_ajax_search.js&1766217265:107 [CALLBACK TEST - Numinix] Message event listener attached - ready to receive postMessage
min/?f=/includes/modules/pages/paypal_signup/jscript_paypal_signup.js,/includes/templates/nmn/jscript/jquery/jquery-1.12.0.min.js,/includes/templates/nmn/jscript/jquery/jquery-1.11.3.min.js,/includes/templates/nmn/jscript/jquery/jquery-migrate-1.2.1.min.js,/includes/templates/nmn/jscript/jquery/jquery-ui-1.12.1.custom.min.js,/includes/templates/nmn/jscript/jquery/jquery_ajax_search.js&1766217265:96 [CALLBACK TEST - Numinix] handlePopupMessage called Object
min/?f=/includes/modules/pages/paypal_signup/jscript_paypal_signup.js,/includes/templates/nmn/jscript/jquery/jquery-1.12.0.min.js,/includes/templates/nmn/jscript/jquery/jquery-1.11.3.min.js,/includes/templates/nmn/jscript/jquery/jquery-migrate-1.2.1.min.js,/includes/templates/nmn/jscript/jquery/jquery-ui-1.12.1.custom.min.js,/includes/templates/nmn/jscript/jquery/jquery_ajax_search.js&1766217265:101 [CALLBACK TEST - Numinix] Received postMessage payload: Object
min/?f=/includes/modules/pages/paypal_signup/jscript_paypal_signup.js,/includes/templates/nmn/jscript/jquery/jquery-1.12.0.min.js,/includes/templates/nmn/jscript/jquery/jquery-1.11.3.min.js,/includes/templates/nmn/jscript/jquery/jquery-migrate-1.2.1.min.js,/includes/templates/nmn/jscript/jquery/jquery-ui-1.12.1.custom.min.js,/includes/templates/nmn/jscript/jquery/jquery_ajax_search.js&1766217265:102 [CALLBACK TEST - Numinix] Event analysis: Object
min/?f=/includes/modules/pages/paypal_signup/jscript_paypal_signup.js,/includes/templates/nmn/jscript/jquery/jquery-1.12.0.min.js,/includes/templates/nmn/jscript/jquery/jquery-1.11.3.min.js,/includes/templates/nmn/jscript/jquery/jquery-migrate-1.2.1.min.js,/includes/templates/nmn/jscript/jquery/jquery-ui-1.12.1.custom.min.js,/includes/templates/nmn/jscript/jquery/jquery_ajax_search.js&1766217265:102 [CALLBACK TEST - Numinix] Not a completion event or missing tracking_id - ignoring
www.googletagmanager.com/:1 Framing 'https://www.googletagmanager.com/' violates the following Content Security Policy directive: "frame-src *.numinix.com bid.g.doubleclick.net *.google.com *.facebook.com www.youtube.com *.tawk.to platform.twitter.com https://calendly.com". The request has been blocked.

Failed to execute 'postMessage' on 'DOMWindow': The target origin provided ('<URL>') does not match the recipient window's origin ('null').
Failed to execute 'postMessage' on 'DOMWindow': The target origin provided ('<URL>') does not match the recipient window's origin ('null').
Failed to execute 'postMessage' on 'DOMWindow': The target origin provided ('<URL>') does not match the recipient window's origin ('null').
Failed to execute 'postMessage' on 'DOMWindow': The target origin provided ('<URL>') does not match the recipient window's origin ('null').
Failed to execute 'postMessage' on 'DOMWindow': The target origin provided ('<URL>') does not match the recipient window's origin ('null').
Failed to execute 'postMessage' on 'DOMWindow': The target origin provided ('<URL>') does not match the recipient window's origin ('null').
Failed to execute 'postMessage' on 'DOMWindow': The target origin provided ('<URL>') does not match the recipient window's origin ('null').
Failed to execute 'postMessage' on 'DOMWindow': The target origin provided ('<URL>') does not match the recipient window's origin ('null').
Failed to execute 'postMessage' on 'DOMWindow': The target origin provided ('<URL>') does not match the recipient window's origin ('null').
Failed to execute 'postMessage' on 'DOMWindow': The target origin provided ('<URL>') does not match the recipient window's origin ('null').
Failed to execute 'postMessage' on 'DOMWindow': The target origin provided ('<URL>') does not match the recipient window's origin ('null').
Failed to execute 'postMessage' on 'DOMWindow': The target origin provided ('<URL>') does not match the recipient window's origin ('null').
Failed to execute 'postMessage' on 'DOMWindow': The target origin provided ('<URL>') does not match the recipient window's origin ('null').
Failed to execute 'postMessage' on 'DOMWindow': The target origin provided ('<URL>') does not match the recipient window's origin ('null').
Failed to execute 'postMessage' on 'DOMWindow': The target origin provided ('<URL>') does not match the recipient window's origin ('null').
Failed to execute 'postMessage' on 'DOMWindow': The target origin provided ('<URL>') does not match the recipient window's origin ('null').
Failed to execute 'postMessage' on 'DOMWindow': The target origin provided ('<URL>') does not match the recipient window's origin ('null').
Failed to execute 'postMessage' on 'DOMWindow': The target origin provided ('<URL>') does not match the recipient window's origin ('null').
Failed to execute 'postMessage' on 'DOMWindow': The target origin provided ('<URL>') does not match the recipient window's origin ('null').
Failed to execute 'postMessage' on 'DOMWindow': The target origin provided ('<URL>') does not match the recipient window's origin ('null').
Failed to execute 'postMessage' on 'DOMWindow': The target origin provided ('<URL>') does not match the recipient window's origin ('null').
min/?f=/includes/modules/pages/paypal_signup/jscript_paypal_signup.js,/includes/templates/nmn/jscript/jquery/jquery-1.12.0.min.js,/includes/templates/nmn/jscript/jquery/jquery-1.11.3.min.js,/includes/templates/nmn/jscript/jquery/jquery-migrate-1.2.1.min.js,/includes/templates/nmn/jscript/jquery/jquery-ui-1.12.1.custom.min.js,/includes/templates/nmn/jscript/jquery/jquery_ajax_search.js&1766217265:96 [CALLBACK TEST - Numinix] handlePopupMessage called Object
min/?f=/includes/modules/pages/paypal_signup/jscript_paypal_signup.js,/includes/templates/nmn/jscript/jquery/jquery-1.12.0.min.js,/includes/templates/nmn/jscript/jquery/jquery-1.11.3.min.js,/includes/templates/nmn/jscript/jquery/jquery-migrate-1.2.1.min.js,/includes/templates/nmn/jscript/jquery/jquery-ui-1.12.1.custom.min.js,/includes/templates/nmn/jscript/jquery/jquery_ajax_search.js&1766217265:96 [CALLBACK TEST - Numinix] Ignoring message - not from PayPal or same origin. Origin: https://www.google.com
paypal_signup:1 <meta name="apple-mobile-web-app-capable" content="yes"> is deprecated. Please include <meta name="mobile-web-app-capable" content="yes">
min/?f=/includes/modules/pages/paypal_signup/jscript_paypal_signup.js,/includes/templates/nmn/jscript/jquery/jquery-1.12.0.min.js,/includes/templates/nmn/jscript/jquery/jquery-1.11.3.min.js,/includes/templates/nmn/jscript/jquery/jquery-migrate-1.2.1.min.js,/includes/templates/nmn/jscript/jquery/jquery-ui-1.12.1.custom.min.js,/includes/templates/nmn/jscript/jquery/jquery_ajax_search.js&1766217265:96 [CALLBACK TEST - Numinix] handlePopupMessage called {hasPopup: true, hasEvent: true, hasEventSource: true, eventOrigin: 'https://www.paypal.com', sourcesMatch: true, …}
min/?f=/includes/modules/pages/paypal_signup/jscript_paypal_signup.js,/includes/templates/nmn/jscript/jquery/jquery-1.12.0.min.js,/includes/templates/nmn/jscript/jquery/jquery-1.11.3.min.js,/includes/templates/nmn/jscript/jquery/jquery-migrate-1.2.1.min.js,/includes/templates/nmn/jscript/jquery/jquery-ui-1.12.1.custom.min.js,/includes/templates/nmn/jscript/jquery/jquery_ajax_search.js&1766217265:101 [CALLBACK TEST - Numinix] Received postMessage payload: {__post_robot_10_0_44__: Array(1)}
min/?f=/includes/modules/pages/paypal_signup/jscript_paypal_signup.js,/includes/templates/nmn/jscript/jquery/jquery-1.12.0.min.js,/includes/templates/nmn/jscript/jquery/jquery-1.11.3.min.js,/includes/templates/nmn/jscript/jquery/jquery-migrate-1.2.1.min.js,/includes/templates/nmn/jscript/jquery/jquery-ui-1.12.1.custom.min.js,/includes/templates/nmn/jscript/jquery/jquery_ajax_search.js&1766217265:102 [CALLBACK TEST - Numinix] Event analysis: {eventName: '', normalized: '', isCompletionEvent: undefined, hasTrackingId: true, authCode: undefined, …}
min/?f=/includes/modules/pages/paypal_signup/jscript_paypal_signup.js,/includes/templates/nmn/jscript/jquery/jquery-1.12.0.min.js,/includes/templates/nmn/jscript/jquery/jquery-1.11.3.min.js,/includes/templates/nmn/jscript/jquery/jquery-migrate-1.2.1.min.js,/includes/templates/nmn/jscript/jquery/jquery-ui-1.12.1.custom.min.js,/includes/templates/nmn/jscript/jquery/jquery_ajax_search.js&1766217265:102 [CALLBACK TEST - Numinix] Not a completion event or missing tracking_id - ignoring
min/?f=/includes/modules/pages/paypal_signup/jscript_paypal_signup.js,/includes/templates/nmn/jscript/jquery/jquery-1.12.0.min.js,/includes/templates/nmn/jscript/jquery/jquery-1.11.3.min.js,/includes/templates/nmn/jscript/jquery/jquery-migrate-1.2.1.min.js,/includes/templates/nmn/jscript/jquery/jquery-ui-1.12.1.custom.min.js,/includes/templates/nmn/jscript/jquery/jquery_ajax_search.js&1766217265:96 [CALLBACK TEST - Numinix] handlePopupMessage called {hasPopup: true, hasEvent: true, hasEventSource: true, eventOrigin: 'https://www.paypal.com', sourcesMatch: true, …}
min/?f=/includes/modules/pages/paypal_signup/jscript_paypal_signup.js,/includes/templates/nmn/jscript/jquery/jquery-1.12.0.min.js,/includes/templates/nmn/jscript/jquery/jquery-1.11.3.min.js,/includes/templates/nmn/jscript/jquery/jquery-migrate-1.2.1.min.js,/includes/templates/nmn/jscript/jquery/jquery-ui-1.12.1.custom.min.js,/includes/templates/nmn/jscript/jquery/jquery_ajax_search.js&1766217265:101 [CALLBACK TEST - Numinix] Received postMessage payload: {__post_robot_11_0_0__: Array(1)}
min/?f=/includes/modules/pages/paypal_signup/jscript_paypal_signup.js,/includes/templates/nmn/jscript/jquery/jquery-1.12.0.min.js,/includes/templates/nmn/jscript/jquery/jquery-1.11.3.min.js,/includes/templates/nmn/jscript/jquery/jquery-migrate-1.2.1.min.js,/includes/templates/nmn/jscript/jquery/jquery-ui-1.12.1.custom.min.js,/includes/templates/nmn/jscript/jquery/jquery_ajax_search.js&1766217265:102 [CALLBACK TEST - Numinix] Event analysis: {eventName: '', normalized: '', isCompletionEvent: undefined, hasTrackingId: true, authCode: undefined, …}
min/?f=/includes/modules/pages/paypal_signup/jscript_paypal_signup.js,/includes/templates/nmn/jscript/jquery/jquery-1.12.0.min.js,/includes/templates/nmn/jscript/jquery/jquery-1.11.3.min.js,/includes/templates/nmn/jscript/jquery/jquery-migrate-1.2.1.min.js,/includes/templates/nmn/jscript/jquery/jquery-ui-1.12.1.custom.min.js,/includes/templates/nmn/jscript/jquery/jquery_ajax_search.js&1766217265:102 [CALLBACK TEST - Numinix] Not a completion event or missing tracking_id - ignoring
min/?f=/includes/modules/pages/paypal_signup/jscript_paypal_signup.js,/includes/templates/nmn/jscript/jquery/jquery-1.12.0.min.js,/includes/templates/nmn/jscript/jquery/jquery-1.11.3.min.js,/includes/templates/nmn/jscript/jquery/jquery-migrate-1.2.1.min.js,/includes/templates/nmn/jscript/jquery/jquery-ui-1.12.1.custom.min.js,/includes/templates/nmn/jscript/jquery/jquery_ajax_search.js&1766217265:96 [CALLBACK TEST - Numinix] handlePopupMessage called {hasPopup: true, hasEvent: true, hasEventSource: true, eventOrigin: 'https://www.paypal.com', sourcesMatch: true, …}
min/?f=/includes/modules/pages/paypal_signup/jscript_paypal_signup.js,/includes/templates/nmn/jscript/jquery/jquery-1.12.0.min.js,/includes/templates/nmn/jscript/jquery/jquery-1.11.3.min.js,/includes/templates/nmn/jscript/jquery/jquery-migrate-1.2.1.min.js,/includes/templates/nmn/jscript/jquery/jquery-ui-1.12.1.custom.min.js,/includes/templates/nmn/jscript/jquery/jquery_ajax_search.js&1766217265:101 [CALLBACK TEST - Numinix] Received postMessage payload: {onboardedCompleteToken: 'C21AAOLY3JEu4vqEEjZdCNRz0h-O92sMo-r2xltLhJMwl5-wXbc3MsSSCR8oCxWrzodfUr8h_VOZJMm-billSe1jI6rn_xM9A', sharedId: 'BAATDonxByZOFWxsCyIrgJV_A_Bu4PpAGAkOYNWNdDwB5Ea7Kn5qCWODxcdCHjLEfVzNstKYt9pp6jWc3s'}
min/?f=/includes/modules/pages/paypal_signup/jscript_paypal_signup.js,/includes/templates/nmn/jscript/jquery/jquery-1.12.0.min.js,/includes/templates/nmn/jscript/jquery/jquery-1.11.3.min.js,/includes/templates/nmn/jscript/jquery/jquery-migrate-1.2.1.min.js,/includes/templates/nmn/jscript/jquery/jquery-ui-1.12.1.custom.min.js,/includes/templates/nmn/jscript/jquery/jquery_ajax_search.js&1766217265:102 [CALLBACK TEST - Numinix] Event analysis: {eventName: '', normalized: '', isCompletionEvent: 'BAATDonxByZOFWxsCyIrgJV_A_Bu4PpAGAkOYNWNdDwB5Ea7Kn5qCWODxcdCHjLEfVzNstKYt9pp6jWc3s', hasTrackingId: true, authCode: 'C21AAOLY3JEu4vqEEjZdCNRz0h-O92sMo-r2xltLhJMwl5-wXbc3MsSSCR8oCxWrzodfUr8h_VOZJMm-billSe1jI6rn_xM9A', …}
min/?f=/includes/modules/pages/paypal_signup/jscript_paypal_signup.js,/includes/templates/nmn/jscript/jquery/jquery-1.12.0.min.js,/includes/templates/nmn/jscript/jquery/jquery-1.11.3.min.js,/includes/templates/nmn/jscript/jquery/jquery-migrate-1.2.1.min.js,/includes/templates/nmn/jscript/jquery/jquery-ui-1.12.1.custom.min.js,/includes/templates/nmn/jscript/jquery/jquery_ajax_search.js&1766217265:104 [CALLBACK TEST - Numinix] Captured authCode: C21AAOLY3JEu4vqEEjZdCNRz0h-O92sMo-r2xltLhJMwl5-wXbc3MsSSCR8oCxWrzodfUr8h_VOZJMm-billSe1jI6rn_xM9A
min/?f=/includes/modules/pages/paypal_signup/jscript_paypal_signup.js,/includes/templates/nmn/jscript/jquery/jquery-1.12.0.min.js,/includes/templates/nmn/jscript/jquery/jquery-1.11.3.min.js,/includes/templates/nmn/jscript/jquery/jquery-migrate-1.2.1.min.js,/includes/templates/nmn/jscript/jquery/jquery-ui-1.12.1.custom.min.js,/includes/templates/nmn/jscript/jquery/jquery_ajax_search.js&1766217265:105 [CALLBACK TEST - Numinix] Captured sharedId: BAATDonxByZOFWxsCyIrgJV_A_Bu4PpAGAkOYNWNdDwB5Ea7Kn5qCWODxcdCHjLEfVzNstKYt9pp6jWc3s
min/?f=/includes/modules/pages/paypal_signup/jscript_paypal_signup.js,/includes/templates/nmn/jscript/jquery/jquery-1.12.0.min.js,/includes/templates/nmn/jscript/jquery/jquery-1.11.3.min.js,/includes/templates/nmn/jscript/jquery/jquery-migrate-1.2.1.min.js,/includes/templates/nmn/jscript/jquery/jquery-ui-1.12.1.custom.min.js,/includes/templates/nmn/jscript/jquery/jquery_ajax_search.js&1766217265:106 [CALLBACK TEST - Numinix] Processing PayPal completion - calling finalizeOnboarding
min/?f=/includes/modules/pages/paypal_signup/jscript_paypal_signup.js,/includes/templates/nmn/jscript/jquery/jquery-1.12.0.min.js,/includes/templates/nmn/jscript/jquery/jquery-1.11.3.min.js,/includes/templates/nmn/jscript/jquery/jquery-migrate-1.2.1.min.js,/includes/templates/nmn/jscript/jquery/jquery-ui-1.12.1.custom.min.js,/includes/templates/nmn/jscript/jquery/jquery_ajax_search.js&1766217265:106 [CALLBACK TEST - Numinix] Session state before finalize: {tracking_id: 'nxp-9e1c5c545f42d4aef585', authCode: 'C21AAOLY3JEu4vqEEjZdCNRz0h-O92sMo-r2xltLhJMwl5-wXbc3MsSSCR8oCxWrzodfUr8h_VOZJMm-billSe1jI6rn_xM9A', sharedId: 'BAATDonxByZOFWxsCyIrgJV_A_Bu4PpAGAkOYNWNdDwB5Ea7Kn5qCWODxcdCHjLEfVzNstKYt9pp6jWc3s', merchant_id: ''}
min/?f=/includes/modules/pages/paypal_signup/jscript_paypal_signup.js,/includes/templates/nmn/jscript/jquery/jquery-1.12.0.min.js,/includes/templates/nmn/jscript/jquery/jquery-1.11.3.min.js,/includes/templates/nmn/jscript/jquery/jquery-migrate-1.2.1.min.js,/includes/templates/nmn/jscript/jquery/jquery-ui-1.12.1.custom.min.js,/includes/templates/nmn/jscript/jquery/jquery_ajax_search.js&1766217265:94 [CALLBACK TEST - Numinix] Finalize payload being sent: {tracking_id: 'nxp-9e1c5c545f42d4aef585', authCode: 'C21AAOLY3JEu4vqEEjZdCNRz0h-O92sMo-r2xltLhJMwl5-wXbc3MsSSCR8oCxWrzodfUr8h_VOZJMm-billSe1jI6rn_xM9A', sharedId: 'BAATDonxByZOFWxsCyIrgJV_A_Bu4PpAGAkOYNWNdDwB5Ea7Kn5qCWODxcdCHjLEfVzNstKYt9pp6jWc3s'}
min/?f=/includes/modules/pages/paypal_signup/jscript_paypal_signup.js,/includes/templates/nmn/jscript/jquery/jquery-1.12.0.min.js,/includes/templates/nmn/jscript/jquery/jquery-1.11.3.min.js,/includes/templates/nmn/jscript/jquery/jquery-migrate-1.2.1.min.js,/includes/templates/nmn/jscript/jquery/jquery-ui-1.12.1.custom.min.js,/includes/templates/nmn/jscript/jquery/jquery_ajax_search.js&1766217265:95 [CALLBACK TEST - Numinix] Finalize response received: {data: {…}, success: true}
min/?f=/includes/modules/pages/paypal_signup/jscript_paypal_signup.js,/includes/templates/nmn/jscript/jquery/jquery-1.12.0.min.js,/includes/templates/nmn/jscript/jquery/jquery-1.11.3.min.js,/includes/templates/nmn/jscript/jquery/jquery-migrate-1.2.1.min.js,/includes/templates/nmn/jscript/jquery/jquery-ui-1.12.1.custom.min.js,/includes/templates/nmn/jscript/jquery/jquery_ajax_search.js&1766217265:96 [CALLBACK TEST - Numinix] handlePopupMessage called {hasPopup: true, hasEvent: true, hasEventSource: true, eventOrigin: 'https://www.numinix.com', sourcesMatch: true, …}
min/?f=/includes/modules/pages/paypal_signup/jscript_paypal_signup.js,/includes/templates/nmn/jscript/jquery/jquery-1.12.0.min.js,/includes/templates/nmn/jscript/jquery/jquery-1.11.3.min.js,/includes/templates/nmn/jscript/jquery/jquery-migrate-1.2.1.min.js,/includes/templates/nmn/jscript/jquery/jquery-ui-1.12.1.custom.min.js,/includes/templates/nmn/jscript/jquery/jquery_ajax_search.js&1766217265:101 [CALLBACK TEST - Numinix] Received postMessage payload: {event: 'paypal_onboarding_complete', paypalOnboardingComplete: true, authCode: undefined, sharedId: undefined, merchantId: undefined, …}
min/?f=/includes/modules/pages/paypal_signup/jscript_paypal_signup.js,/includes/templates/nmn/jscript/jquery/jquery-1.12.0.min.js,/includes/templates/nmn/jscript/jquery/jquery-1.11.3.min.js,/includes/templates/nmn/jscript/jquery/jquery-migrate-1.2.1.min.js,/includes/templates/nmn/jscript/jquery/jquery-ui-1.12.1.custom.min.js,/includes/templates/nmn/jscript/jquery/jquery_ajax_search.js&1766217265:102 [CALLBACK TEST - Numinix] Event analysis: {eventName: 'paypal_onboarding_complete', normalized: 'paypal_onboarding_complete', isCompletionEvent: true, hasTrackingId: true, authCode: undefined, …}
min/?f=/includes/modules/pages/paypal_signup/jscript_paypal_signup.js,/includes/templates/nmn/jscript/jquery/jquery-1.12.0.min.js,/includes/templates/nmn/jscript/jquery/jquery-1.11.3.min.js,/includes/templates/nmn/jscript/jquery/jquery-migrate-1.2.1.min.js,/includes/templates/nmn/jscript/jquery/jquery-ui-1.12.1.custom.min.js,/includes/templates/nmn/jscript/jquery/jquery_ajax_search.js&1766217265:106 [CALLBACK TEST - Numinix] Processing PayPal completion - calling finalizeOnboarding
min/?f=/includes/modules/pages/paypal_signup/jscript_paypal_signup.js,/includes/templates/nmn/jscript/jquery/jquery-1.12.0.min.js,/includes/templates/nmn/jscript/jquery/jquery-1.11.3.min.js,/includes/templates/nmn/jscript/jquery/jquery-migrate-1.2.1.min.js,/includes/templates/nmn/jscript/jquery/jquery-ui-1.12.1.custom.min.js,/includes/templates/nmn/jscript/jquery/jquery_ajax_search.js&1766217265:106 [CALLBACK TEST - Numinix] Session state before finalize: {tracking_id: 'nxp-9e1c5c545f42d4aef585', authCode: 'C21AAOLY3JEu4vqEEjZdCNRz0h-O92sMo-r2xltLhJMwl5-wXbc3MsSSCR8oCxWrzodfUr8h_VOZJMm-billSe1jI6rn_xM9A', sharedId: 'BAATDonxByZOFWxsCyIrgJV_A_Bu4PpAGAkOYNWNdDwB5Ea7Kn5qCWODxcdCHjLEfVzNstKYt9pp6jWc3s', merchant_id: 'WW75U29QM8276'}
min/?f=/includes/modules/pages/paypal_signup/jscript_paypal_signup.js,/includes/templates/nmn/jscript/jquery/jquery-1.12.0.min.js,/includes/templates/nmn/jscript/jquery/jquery-1.11.3.min.js,/includes/templates/nmn/jscript/jquery/jquery-migrate-1.2.1.min.js,/includes/templates/nmn/jscript/jquery/jquery-ui-1.12.1.custom.min.js,/includes/templates/nmn/jscript/jquery/jquery_ajax_search.js&1766217265:94 [CALLBACK TEST - Numinix] Finalize payload being sent: {tracking_id: 'nxp-9e1c5c545f42d4aef585', merchant_id: 'WW75U29QM8276', authCode: 'C21AAOLY3JEu4vqEEjZdCNRz0h-O92sMo-r2xltLhJMwl5-wXbc3MsSSCR8oCxWrzodfUr8h_VOZJMm-billSe1jI6rn_xM9A', sharedId: 'BAATDonxByZOFWxsCyIrgJV_A_Bu4PpAGAkOYNWNdDwB5Ea7Kn5qCWODxcdCHjLEfVzNstKYt9pp6jWc3s'}
 Failed to execute 'postMessage' on 'DOMWindow': The target origin provided ('https://www.google.com') does not match the recipient window's origin ('https://www.numinix.com').
Du @ js?id=G-BLQM5BHSXJ:600
Fu @ js?id=G-BLQM5BHSXJ:603
TO @ js?id=G-BLQM5BHSXJ:996
k.Or @ js?id=G-BLQM5BHSXJ:992
(anonymous) @ js?id=G-BLQM5BHSXJ:990
Vl @ js?id=G-BLQM5BHSXJ:455
Un @ js?id=G-BLQM5BHSXJ:474
(anonymous) @ js?id=G-BLQM5BHSXJ:990
c @ js?id=G-BLQM5BHSXJ:917
uJ @ js?id=G-BLQM5BHSXJ:917
k.Nr @ js?id=G-BLQM5BHSXJ:990
b @ js?id=G-BLQM5BHSXJ:1004
v @ js?id=G-BLQM5BHSXJ:498
dm @ js?id=G-BLQM5BHSXJ:457
Xp @ js?id=G-BLQM5BHSXJ:498
Wp.flush @ js?id=G-BLQM5BHSXJ:502
Wp.push @ js?id=G-BLQM5BHSXJ:500
config @ js?id=G-BLQM5BHSXJ:770
oB @ js?id=G-BLQM5BHSXJ:779
qB @ js?id=G-BLQM5BHSXJ:782
setTimeout
Uc @ js?id=G-BLQM5BHSXJ:280
rB @ js?id=G-BLQM5BHSXJ:785
Lm @ js?id=G-BLQM5BHSXJ:1090
(anonymous) @ js?id=G-BLQM5BHSXJ:1094
c @ js?id=G-BLQM5BHSXJ:1092
(anonymous) @ js?id=G-BLQM5BHSXJ:1094
(anonymous) @ js?id=G-BLQM5BHSXJ:1094
(anonymous) @ js?id=G-BLQM5BHSXJ:1096
 Failed to execute 'postMessage' on 'DOMWindow': The target origin provided ('https://www.youtube.com') does not match the recipient window's origin ('https://www.numinix.com').
Du @ js?id=G-BLQM5BHSXJ:600
Fu @ js?id=G-BLQM5BHSXJ:603
TO @ js?id=G-BLQM5BHSXJ:996
k.Or @ js?id=G-BLQM5BHSXJ:992
(anonymous) @ js?id=G-BLQM5BHSXJ:990
Vl @ js?id=G-BLQM5BHSXJ:455
Un @ js?id=G-BLQM5BHSXJ:474
(anonymous) @ js?id=G-BLQM5BHSXJ:990
c @ js?id=G-BLQM5BHSXJ:917
uJ @ js?id=G-BLQM5BHSXJ:917
k.Nr @ js?id=G-BLQM5BHSXJ:990
b @ js?id=G-BLQM5BHSXJ:1004
v @ js?id=G-BLQM5BHSXJ:498
dm @ js?id=G-BLQM5BHSXJ:457
Xp @ js?id=G-BLQM5BHSXJ:498
Wp.flush @ js?id=G-BLQM5BHSXJ:502
Wp.push @ js?id=G-BLQM5BHSXJ:500
config @ js?id=G-BLQM5BHSXJ:770
oB @ js?id=G-BLQM5BHSXJ:779
qB @ js?id=G-BLQM5BHSXJ:782
setTimeout
Uc @ js?id=G-BLQM5BHSXJ:280
rB @ js?id=G-BLQM5BHSXJ:785
Lm @ js?id=G-BLQM5BHSXJ:1090
(anonymous) @ js?id=G-BLQM5BHSXJ:1094
c @ js?id=G-BLQM5BHSXJ:1092
(anonymous) @ js?id=G-BLQM5BHSXJ:1094
(anonymous) @ js?id=G-BLQM5BHSXJ:1094
(anonymous) @ js?id=G-BLQM5BHSXJ:1096
 Failed to execute 'postMessage' on 'DOMWindow': The target origin provided ('https://m.youtube.com') does not match the recipient window's origin ('https://www.numinix.com').
Du @ js?id=G-BLQM5BHSXJ:600
Fu @ js?id=G-BLQM5BHSXJ:603
TO @ js?id=G-BLQM5BHSXJ:996
k.Or @ js?id=G-BLQM5BHSXJ:992
(anonymous) @ js?id=G-BLQM5BHSXJ:990
Vl @ js?id=G-BLQM5BHSXJ:455
Un @ js?id=G-BLQM5BHSXJ:474
(anonymous) @ js?id=G-BLQM5BHSXJ:990
c @ js?id=G-BLQM5BHSXJ:917
uJ @ js?id=G-BLQM5BHSXJ:917
k.Nr @ js?id=G-BLQM5BHSXJ:990
b @ js?id=G-BLQM5BHSXJ:1004
v @ js?id=G-BLQM5BHSXJ:498
dm @ js?id=G-BLQM5BHSXJ:457
Xp @ js?id=G-BLQM5BHSXJ:498
Wp.flush @ js?id=G-BLQM5BHSXJ:502
Wp.push @ js?id=G-BLQM5BHSXJ:500
config @ js?id=G-BLQM5BHSXJ:770
oB @ js?id=G-BLQM5BHSXJ:779
qB @ js?id=G-BLQM5BHSXJ:782
setTimeout
Uc @ js?id=G-BLQM5BHSXJ:280
rB @ js?id=G-BLQM5BHSXJ:785
Lm @ js?id=G-BLQM5BHSXJ:1090
(anonymous) @ js?id=G-BLQM5BHSXJ:1094
c @ js?id=G-BLQM5BHSXJ:1092
(anonymous) @ js?id=G-BLQM5BHSXJ:1094
(anonymous) @ js?id=G-BLQM5BHSXJ:1094
(anonymous) @ js?id=G-BLQM5BHSXJ:1096
min/?f=/includes/modules/pages/paypal_signup/jscript_paypal_signup.js,/includes/templates/nmn/jscript/jquery/jquery-1.12.0.min.js,/includes/templates/nmn/jscript/jquery/jquery-1.11.3.min.js,/includes/templates/nmn/jscript/jquery/jquery-migrate-1.2.1.min.js,/includes/templates/nmn/jscript/jquery/jquery-ui-1.12.1.custom.min.js,/includes/templates/nmn/jscript/jquery/jquery_ajax_search.js&1766217265:95 [CALLBACK TEST - Numinix] Finalize response received: {data: {…}, success: true}
min/?f=/includes/modules/pages/paypal_signup/jscript_paypal_signup.js,/includes/templates/nmn/jscript/jquery/jquery-1.12.0.min.js,/includes/templates/nmn/jscript/jquery/jquery-1.11.3.min.js,/includes/templates/nmn/jscript/jquery/jquery-migrate-1.2.1.min.js,/includes/templates/nmn/jscript/jquery/jquery-ui-1.12.1.custom.min.js,/includes/templates/nmn/jscript/jquery/jquery_ajax_search.js&1766217265:94 [CALLBACK TEST - Numinix] Finalize payload being sent: {tracking_id: 'nxp-9e1c5c545f42d4aef585', merchant_id: 'WW75U29QM8276', authCode: 'C21AAOLY3JEu4vqEEjZdCNRz0h-O92sMo-r2xltLhJMwl5-wXbc3MsSSCR8oCxWrzodfUr8h_VOZJMm-billSe1jI6rn_xM9A', sharedId: 'BAATDonxByZOFWxsCyIrgJV_A_Bu4PpAGAkOYNWNdDwB5Ea7Kn5qCWODxcdCHjLEfVzNstKYt9pp6jWc3s'}
min/?f=/includes/modules/pages/paypal_signup/jscript_paypal_signup.js,/includes/templates/nmn/jscript/jquery/jquery-1.12.0.min.js,/includes/templates/nmn/jscript/jquery/jquery-1.11.3.min.js,/includes/templates/nmn/jscript/jquery/jquery-migrate-1.2.1.min.js,/includes/templates/nmn/jscript/jquery/jquery-ui-1.12.1.custom.min.js,/includes/templates/nmn/jscript/jquery/jquery_ajax_search.js&1766217265:95 [CALLBACK TEST - Numinix] Finalize response received: {data: {…}, success: true}
