[2025-12-20T06:09:16+00:00] Handling proxy request {
    "proxy_action": "start",
    "numinix_url": "https://www.numinix.com/api/paypal_onboarding.php",
    "post_keys": [
        "nonce",
        "proxy_action",
        "action",
        "securityToken",
        "env",
        "client_return_url"
    ],
    "store_environment": "live"
}
[2025-12-20T06:09:16+00:00] Proxy request to Numinix API {
    "action": "start",
    "url": "https://www.numinix.com/api/paypal_onboarding.php",
    "environment": "sandbox",
    "environment_source": "client",
    "payload_keys": [
        "nonce",
        "env",
        "client_return_url",
        "nxp_paypal_action"
    ]
}
[2025-12-20T06:09:17+00:00] Numinix API response received {
    "action": "start",
    "http_code": 200,
    "response_length": 1424
}
[2025-12-20T06:09:17+00:00] Stored nonce in session for completion page {
    "tracking_id": "nxp-c0a100580587edbdf2c1"
}
[2025-12-20T06:09:17+00:00] Proxy request completed {
    "proxy_action": "start",
    "success": true,
    "has_data": true,
    "store_environment": "live",
    "remote_environment": "sandbox",
    "environment_mismatch": true,
    "step": "waiting",
    "tracking_id": "nxp-c0a100580587edbdf2c1",
    "partner_referral_id": "",
    "has_credentials": false,
    "message": null,
    "data_keys": [
        "environment",
        "tracking_id",
        "partner_referral_id",
        "redirect_url",
        "action_url",
        "links",
        "step",
        "polling_interval",
        "nonce"
    ]
}
[2025-12-20T06:09:22+00:00] Handling proxy request {
    "proxy_action": "status",
    "numinix_url": "https://www.numinix.com/api/paypal_onboarding.php",
    "post_keys": [
        "tracking_id",
        "partner_referral_id",
        "merchant_id",
        "authCode",
        "sharedId",
        "auth_code",
        "shared_id",
        "nonce",
        "proxy_action",
        "action",
        "securityToken",
        "env"
    ],
    "store_environment": "live"
}
[2025-12-20T06:09:22+00:00] Proxy request to Numinix API {
    "action": "status",
    "url": "https://www.numinix.com/api/paypal_onboarding.php",
    "environment": "sandbox",
    "environment_source": "client",
    "payload_keys": [
        "tracking_id",
        "partner_referral_id",
        "merchant_id",
        "authCode",
        "sharedId",
        "auth_code",
        "shared_id",
        "nonce",
        "env",
        "nxp_paypal_action"
    ]
}
[2025-12-20T06:09:23+00:00] Numinix API response received {
    "action": "status",
    "http_code": 200,
    "response_length": 202
}
[2025-12-20T06:09:23+00:00] Proxy request completed {
    "proxy_action": "status",
    "success": true,
    "has_data": true,
    "store_environment": "live",
    "remote_environment": "sandbox",
    "environment_mismatch": true,
    "step": "waiting",
    "tracking_id": "nxp-c0a100580587edbdf2c1",
    "partner_referral_id": "",
    "has_credentials": false,
    "message": null,
    "data_keys": [
        "environment",
        "tracking_id",
        "partner_referral_id",
        "merchant_id",
        "step",
        "status_hint",
        "polling_interval"
    ],
    "sanitized_data": {
        "environment": "sandbox",
        "tracking_id": "nxp-c0a100580587edbdf2c1",
        "partner_referral_id": "",
        "merchant_id": "",
        "step": "waiting",
        "status_hint": "provisioning",
        "polling_interval": 5000
    }
}
[2025-12-20T06:09:28+00:00] Handling proxy request {
    "proxy_action": "status",
    "numinix_url": "https://www.numinix.com/api/paypal_onboarding.php",
    "post_keys": [
        "tracking_id",
        "partner_referral_id",
        "merchant_id",
        "authCode",
        "sharedId",
        "auth_code",
        "shared_id",
        "nonce",
        "proxy_action",
        "action",
        "securityToken",
        "env"
    ],
    "store_environment": "live"
}
[2025-12-20T06:09:28+00:00] Proxy request to Numinix API {
    "action": "status",
    "url": "https://www.numinix.com/api/paypal_onboarding.php",
    "environment": "sandbox",
    "environment_source": "client",
    "payload_keys": [
        "tracking_id",
        "partner_referral_id",
        "merchant_id",
        "authCode",
        "sharedId",
        "auth_code",
        "shared_id",
        "nonce",
        "env",
        "nxp_paypal_action"
    ]
}
[2025-12-20T06:09:29+00:00] Numinix API response received {
    "action": "status",
    "http_code": 200,
    "response_length": 202
}
[2025-12-20T06:09:29+00:00] Proxy request completed {
    "proxy_action": "status",
    "success": true,
    "has_data": true,
    "store_environment": "live",
    "remote_environment": "sandbox",
    "environment_mismatch": true,
    "step": "waiting",
    "tracking_id": "nxp-c0a100580587edbdf2c1",
    "partner_referral_id": "",
    "has_credentials": false,
    "message": null,
    "data_keys": [
        "environment",
        "tracking_id",
        "partner_referral_id",
        "merchant_id",
        "step",
        "status_hint",
        "polling_interval"
    ],
    "sanitized_data": {
        "environment": "sandbox",
        "tracking_id": "nxp-c0a100580587edbdf2c1",
        "partner_referral_id": "",
        "merchant_id": "",
        "step": "waiting",
        "status_hint": "provisioning",
        "polling_interval": 5000
    }
}
[2025-12-20T06:09:35+00:00] Handling proxy request {
    "proxy_action": "status",
    "numinix_url": "https://www.numinix.com/api/paypal_onboarding.php",
    "post_keys": [
        "tracking_id",
        "partner_referral_id",
        "merchant_id",
        "authCode",
        "sharedId",
        "auth_code",
        "shared_id",
        "nonce",
        "proxy_action",
        "action",
        "securityToken",
        "env"
    ],
    "store_environment": "live"
}
[2025-12-20T06:09:35+00:00] Proxy request to Numinix API {
    "action": "status",
    "url": "https://www.numinix.com/api/paypal_onboarding.php",
    "environment": "sandbox",
    "environment_source": "client",
    "payload_keys": [
        "tracking_id",
        "partner_referral_id",
        "merchant_id",
        "authCode",
        "sharedId",
        "auth_code",
        "shared_id",
        "nonce",
        "env",
        "nxp_paypal_action"
    ]
}
[2025-12-20T06:09:35+00:00] Numinix API response received {
    "action": "status",
    "http_code": 200,
    "response_length": 202
}
[2025-12-20T06:09:35+00:00] Proxy request completed {
    "proxy_action": "status",
    "success": true,
    "has_data": true,
    "store_environment": "live",
    "remote_environment": "sandbox",
    "environment_mismatch": true,
    "step": "waiting",
    "tracking_id": "nxp-c0a100580587edbdf2c1",
    "partner_referral_id": "",
    "has_credentials": false,
    "message": null,
    "data_keys": [
        "environment",
        "tracking_id",
        "partner_referral_id",
        "merchant_id",
        "step",
        "status_hint",
        "polling_interval"
    ],
    "sanitized_data": {
        "environment": "sandbox",
        "tracking_id": "nxp-c0a100580587edbdf2c1",
        "partner_referral_id": "",
        "merchant_id": "",
        "step": "waiting",
        "status_hint": "provisioning",
        "polling_interval": 5000
    }
}
[2025-12-20T06:09:41+00:00] Handling proxy request {
    "proxy_action": "status",
    "numinix_url": "https://www.numinix.com/api/paypal_onboarding.php",
    "post_keys": [
        "tracking_id",
        "partner_referral_id",
        "merchant_id",
        "authCode",
        "sharedId",
        "auth_code",
        "shared_id",
        "nonce",
        "proxy_action",
        "action",
        "securityToken",
        "env"
    ],
    "store_environment": "live"
}
[2025-12-20T06:09:41+00:00] Proxy request to Numinix API {
    "action": "status",
    "url": "https://www.numinix.com/api/paypal_onboarding.php",
    "environment": "sandbox",
    "environment_source": "client",
    "payload_keys": [
        "tracking_id",
        "partner_referral_id",
        "merchant_id",
        "authCode",
        "sharedId",
        "auth_code",
        "shared_id",
        "nonce",
        "env",
        "nxp_paypal_action"
    ]
}
[2025-12-20T06:09:42+00:00] Numinix API response received {
    "action": "status",
    "http_code": 200,
    "response_length": 202
}
[2025-12-20T06:09:42+00:00] Proxy request completed {
    "proxy_action": "status",
    "success": true,
    "has_data": true,
    "store_environment": "live",
    "remote_environment": "sandbox",
    "environment_mismatch": true,
    "step": "waiting",
    "tracking_id": "nxp-c0a100580587edbdf2c1",
    "partner_referral_id": "",
    "has_credentials": false,
    "message": null,
    "data_keys": [
        "environment",
        "tracking_id",
        "partner_referral_id",
        "merchant_id",
        "step",
        "status_hint",
        "polling_interval"
    ],
    "sanitized_data": {
        "environment": "sandbox",
        "tracking_id": "nxp-c0a100580587edbdf2c1",
        "partner_referral_id": "",
        "merchant_id": "",
        "step": "waiting",
        "status_hint": "provisioning",
        "polling_interval": 5000
    }
}
[2025-12-20T06:09:48+00:00] Handling proxy request {
    "proxy_action": "status",
    "numinix_url": "https://www.numinix.com/api/paypal_onboarding.php",
    "post_keys": [
        "tracking_id",
        "partner_referral_id",
        "merchant_id",
        "authCode",
        "sharedId",
        "auth_code",
        "shared_id",
        "nonce",
        "proxy_action",
        "action",
        "securityToken",
        "env"
    ],
    "store_environment": "live"
}
[2025-12-20T06:09:48+00:00] Proxy request to Numinix API {
    "action": "status",
    "url": "https://www.numinix.com/api/paypal_onboarding.php",
    "environment": "sandbox",
    "environment_source": "client",
    "payload_keys": [
        "tracking_id",
        "partner_referral_id",
        "merchant_id",
        "authCode",
        "sharedId",
        "auth_code",
        "shared_id",
        "nonce",
        "env",
        "nxp_paypal_action"
    ]
}
[2025-12-20T06:09:50+00:00] Numinix API response received {
    "action": "status",
    "http_code": 200,
    "response_length": 202
}
[2025-12-20T06:09:50+00:00] Proxy request completed {
    "proxy_action": "status",
    "success": true,
    "has_data": true,
    "store_environment": "live",
    "remote_environment": "sandbox",
    "environment_mismatch": true,
    "step": "waiting",
    "tracking_id": "nxp-c0a100580587edbdf2c1",
    "partner_referral_id": "",
    "has_credentials": false,
    "message": null,
    "data_keys": [
        "environment",
        "tracking_id",
        "partner_referral_id",
        "merchant_id",
        "step",
        "status_hint",
        "polling_interval"
    ],
    "sanitized_data": {
        "environment": "sandbox",
        "tracking_id": "nxp-c0a100580587edbdf2c1",
        "partner_referral_id": "",
        "merchant_id": "",
        "step": "waiting",
        "status_hint": "provisioning",
        "polling_interval": 5000
    }
}
[2025-12-20T06:09:55+00:00] Handling proxy request {
    "proxy_action": "status",
    "numinix_url": "https://www.numinix.com/api/paypal_onboarding.php",
    "post_keys": [
        "tracking_id",
        "partner_referral_id",
        "merchant_id",
        "authCode",
        "sharedId",
        "auth_code",
        "shared_id",
        "nonce",
        "proxy_action",
        "action",
        "securityToken",
        "env"
    ],
    "store_environment": "live"
}
[2025-12-20T06:09:55+00:00] Proxy request to Numinix API {
    "action": "status",
    "url": "https://www.numinix.com/api/paypal_onboarding.php",
    "environment": "sandbox",
    "environment_source": "client",
    "payload_keys": [
        "tracking_id",
        "partner_referral_id",
        "merchant_id",
        "authCode",
        "sharedId",
        "auth_code",
        "shared_id",
        "nonce",
        "env",
        "nxp_paypal_action"
    ]
}
[2025-12-20T06:09:56+00:00] Numinix API response received {
    "action": "status",
    "http_code": 200,
    "response_length": 202
}
[2025-12-20T06:09:56+00:00] Proxy request completed {
    "proxy_action": "status",
    "success": true,
    "has_data": true,
    "store_environment": "live",
    "remote_environment": "sandbox",
    "environment_mismatch": true,
    "step": "waiting",
    "tracking_id": "nxp-c0a100580587edbdf2c1",
    "partner_referral_id": "",
    "has_credentials": false,
    "message": null,
    "data_keys": [
        "environment",
        "tracking_id",
        "partner_referral_id",
        "merchant_id",
        "step",
        "status_hint",
        "polling_interval"
    ],
    "sanitized_data": {
        "environment": "sandbox",
        "tracking_id": "nxp-c0a100580587edbdf2c1",
        "partner_referral_id": "",
        "merchant_id": "",
        "step": "waiting",
        "status_hint": "provisioning",
        "polling_interval": 5000
    }
}
[2025-12-20T06:10:02+00:00] Handling proxy request {
    "proxy_action": "status",
    "numinix_url": "https://www.numinix.com/api/paypal_onboarding.php",
    "post_keys": [
        "tracking_id",
        "partner_referral_id",
        "merchant_id",
        "authCode",
        "sharedId",
        "auth_code",
        "shared_id",
        "nonce",
        "proxy_action",
        "action",
        "securityToken",
        "env"
    ],
    "store_environment": "live"
}
[2025-12-20T06:10:02+00:00] Proxy request to Numinix API {
    "action": "status",
    "url": "https://www.numinix.com/api/paypal_onboarding.php",
    "environment": "sandbox",
    "environment_source": "client",
    "payload_keys": [
        "tracking_id",
        "partner_referral_id",
        "merchant_id",
        "authCode",
        "sharedId",
        "auth_code",
        "shared_id",
        "nonce",
        "env",
        "nxp_paypal_action"
    ]
}
[2025-12-20T06:10:03+00:00] Numinix API response received {
    "action": "status",
    "http_code": 200,
    "response_length": 202
}
[2025-12-20T06:10:03+00:00] Proxy request completed {
    "proxy_action": "status",
    "success": true,
    "has_data": true,
    "store_environment": "live",
    "remote_environment": "sandbox",
    "environment_mismatch": true,
    "step": "waiting",
    "tracking_id": "nxp-c0a100580587edbdf2c1",
    "partner_referral_id": "",
    "has_credentials": false,
    "message": null,
    "data_keys": [
        "environment",
        "tracking_id",
        "partner_referral_id",
        "merchant_id",
        "step",
        "status_hint",
        "polling_interval"
    ],
    "sanitized_data": {
        "environment": "sandbox",
        "tracking_id": "nxp-c0a100580587edbdf2c1",
        "partner_referral_id": "",
        "merchant_id": "",
        "step": "waiting",
        "status_hint": "provisioning",
        "polling_interval": 5000
    }
}
[2025-12-20T06:10:09+00:00] Handling proxy request {
    "proxy_action": "status",
    "numinix_url": "https://www.numinix.com/api/paypal_onboarding.php",
    "post_keys": [
        "tracking_id",
        "partner_referral_id",
        "merchant_id",
        "authCode",
        "sharedId",
        "auth_code",
        "shared_id",
        "nonce",
        "proxy_action",
        "action",
        "securityToken",
        "env"
    ],
    "store_environment": "live"
}
[2025-12-20T06:10:09+00:00] Proxy request to Numinix API {
    "action": "status",
    "url": "https://www.numinix.com/api/paypal_onboarding.php",
    "environment": "sandbox",
    "environment_source": "client",
    "payload_keys": [
        "tracking_id",
        "partner_referral_id",
        "merchant_id",
        "authCode",
        "sharedId",
        "auth_code",
        "shared_id",
        "nonce",
        "env",
        "nxp_paypal_action"
    ]
}
[2025-12-20T06:10:10+00:00] Numinix API response received {
    "action": "status",
    "http_code": 200,
    "response_length": 202
}
[2025-12-20T06:10:10+00:00] Proxy request completed {
    "proxy_action": "status",
    "success": true,
    "has_data": true,
    "store_environment": "live",
    "remote_environment": "sandbox",
    "environment_mismatch": true,
    "step": "waiting",
    "tracking_id": "nxp-c0a100580587edbdf2c1",
    "partner_referral_id": "",
    "has_credentials": false,
    "message": null,
    "data_keys": [
        "environment",
        "tracking_id",
        "partner_referral_id",
        "merchant_id",
        "step",
        "status_hint",
        "polling_interval"
    ],
    "sanitized_data": {
        "environment": "sandbox",
        "tracking_id": "nxp-c0a100580587edbdf2c1",
        "partner_referral_id": "",
        "merchant_id": "",
        "step": "waiting",
        "status_hint": "provisioning",
        "polling_interval": 5000
    }
}
[2025-12-20T06:10:16+00:00] Handling proxy request {
    "proxy_action": "status",
    "numinix_url": "https://www.numinix.com/api/paypal_onboarding.php",
    "post_keys": [
        "tracking_id",
        "partner_referral_id",
        "merchant_id",
        "authCode",
        "sharedId",
        "auth_code",
        "shared_id",
        "nonce",
        "proxy_action",
        "action",
        "securityToken",
        "env"
    ],
    "store_environment": "live"
}
[2025-12-20T06:10:16+00:00] Proxy request to Numinix API {
    "action": "status",
    "url": "https://www.numinix.com/api/paypal_onboarding.php",
    "environment": "sandbox",
    "environment_source": "client",
    "payload_keys": [
        "tracking_id",
        "partner_referral_id",
        "merchant_id",
        "authCode",
        "sharedId",
        "auth_code",
        "shared_id",
        "nonce",
        "env",
        "nxp_paypal_action"
    ]
}
[2025-12-20T06:10:17+00:00] Numinix API response received {
    "action": "status",
    "http_code": 200,
    "response_length": 202
}
[2025-12-20T06:10:17+00:00] Proxy request completed {
    "proxy_action": "status",
    "success": true,
    "has_data": true,
    "store_environment": "live",
    "remote_environment": "sandbox",
    "environment_mismatch": true,
    "step": "waiting",
    "tracking_id": "nxp-c0a100580587edbdf2c1",
    "partner_referral_id": "",
    "has_credentials": false,
    "message": null,
    "data_keys": [
        "environment",
        "tracking_id",
        "partner_referral_id",
        "merchant_id",
        "step",
        "status_hint",
        "polling_interval"
    ],
    "sanitized_data": {
        "environment": "sandbox",
        "tracking_id": "nxp-c0a100580587edbdf2c1",
        "partner_referral_id": "",
        "merchant_id": "",
        "step": "waiting",
        "status_hint": "provisioning",
        "polling_interval": 5000
    }
}
[2025-12-20T06:10:23+00:00] Handling proxy request {
    "proxy_action": "status",
    "numinix_url": "https://www.numinix.com/api/paypal_onboarding.php",
    "post_keys": [
        "tracking_id",
        "partner_referral_id",
        "merchant_id",
        "authCode",
        "sharedId",
        "auth_code",
        "shared_id",
        "nonce",
        "proxy_action",
        "action",
        "securityToken",
        "env"
    ],
    "store_environment": "live"
}
[2025-12-20T06:10:23+00:00] Proxy request to Numinix API {
    "action": "status",
    "url": "https://www.numinix.com/api/paypal_onboarding.php",
    "environment": "sandbox",
    "environment_source": "client",
    "payload_keys": [
        "tracking_id",
        "partner_referral_id",
        "merchant_id",
        "authCode",
        "sharedId",
        "auth_code",
        "shared_id",
        "nonce",
        "env",
        "nxp_paypal_action"
    ]
}
[2025-12-20T06:10:24+00:00] Numinix API response received {
    "action": "status",
    "http_code": 200,
    "response_length": 202
}
[2025-12-20T06:10:24+00:00] Proxy request completed {
    "proxy_action": "status",
    "success": true,
    "has_data": true,
    "store_environment": "live",
    "remote_environment": "sandbox",
    "environment_mismatch": true,
    "step": "waiting",
    "tracking_id": "nxp-c0a100580587edbdf2c1",
    "partner_referral_id": "",
    "has_credentials": false,
    "message": null,
    "data_keys": [
        "environment",
        "tracking_id",
        "partner_referral_id",
        "merchant_id",
        "step",
        "status_hint",
        "polling_interval"
    ],
    "sanitized_data": {
        "environment": "sandbox",
        "tracking_id": "nxp-c0a100580587edbdf2c1",
        "partner_referral_id": "",
        "merchant_id": "",
        "step": "waiting",
        "status_hint": "provisioning",
        "polling_interval": 5000
    }
}
[2025-12-20T06:10:30+00:00] Handling proxy request {
    "proxy_action": "status",
    "numinix_url": "https://www.numinix.com/api/paypal_onboarding.php",
    "post_keys": [
        "tracking_id",
        "partner_referral_id",
        "merchant_id",
        "authCode",
        "sharedId",
        "auth_code",
        "shared_id",
        "nonce",
        "proxy_action",
        "action",
        "securityToken",
        "env"
    ],
    "store_environment": "live"
}
[2025-12-20T06:10:30+00:00] Proxy request to Numinix API {
    "action": "status",
    "url": "https://www.numinix.com/api/paypal_onboarding.php",
    "environment": "sandbox",
    "environment_source": "client",
    "payload_keys": [
        "tracking_id",
        "partner_referral_id",
        "merchant_id",
        "authCode",
        "sharedId",
        "auth_code",
        "shared_id",
        "nonce",
        "env",
        "nxp_paypal_action"
    ]
}
[2025-12-20T06:10:31+00:00] Numinix API response received {
    "action": "status",
    "http_code": 200,
    "response_length": 202
}
[2025-12-20T06:10:31+00:00] Proxy request completed {
    "proxy_action": "status",
    "success": true,
    "has_data": true,
    "store_environment": "live",
    "remote_environment": "sandbox",
    "environment_mismatch": true,
    "step": "waiting",
    "tracking_id": "nxp-c0a100580587edbdf2c1",
    "partner_referral_id": "",
    "has_credentials": false,
    "message": null,
    "data_keys": [
        "environment",
        "tracking_id",
        "partner_referral_id",
        "merchant_id",
        "step",
        "status_hint",
        "polling_interval"
    ],
    "sanitized_data": {
        "environment": "sandbox",
        "tracking_id": "nxp-c0a100580587edbdf2c1",
        "partner_referral_id": "",
        "merchant_id": "",
        "step": "waiting",
        "status_hint": "provisioning",
        "polling_interval": 5000
    }
}
[2025-12-20T06:10:37+00:00] Handling proxy request {
    "proxy_action": "status",
    "numinix_url": "https://www.numinix.com/api/paypal_onboarding.php",
    "post_keys": [
        "tracking_id",
        "partner_referral_id",
        "merchant_id",
        "authCode",
        "sharedId",
        "auth_code",
        "shared_id",
        "nonce",
        "proxy_action",
        "action",
        "securityToken",
        "env"
    ],
    "store_environment": "live"
}
[2025-12-20T06:10:37+00:00] Proxy request to Numinix API {
    "action": "status",
    "url": "https://www.numinix.com/api/paypal_onboarding.php",
    "environment": "sandbox",
    "environment_source": "client",
    "payload_keys": [
        "tracking_id",
        "partner_referral_id",
        "merchant_id",
        "authCode",
        "sharedId",
        "auth_code",
        "shared_id",
        "nonce",
        "env",
        "nxp_paypal_action"
    ]
}
[2025-12-20T06:10:38+00:00] Numinix API response received {
    "action": "status",
    "http_code": 200,
    "response_length": 202
}
[2025-12-20T06:10:38+00:00] Proxy request completed {
    "proxy_action": "status",
    "success": true,
    "has_data": true,
    "store_environment": "live",
    "remote_environment": "sandbox",
    "environment_mismatch": true,
    "step": "waiting",
    "tracking_id": "nxp-c0a100580587edbdf2c1",
    "partner_referral_id": "",
    "has_credentials": false,
    "message": null,
    "data_keys": [
        "environment",
        "tracking_id",
        "partner_referral_id",
        "merchant_id",
        "step",
        "status_hint",
        "polling_interval"
    ],
    "sanitized_data": {
        "environment": "sandbox",
        "tracking_id": "nxp-c0a100580587edbdf2c1",
        "partner_referral_id": "",
        "merchant_id": "",
        "step": "waiting",
        "status_hint": "provisioning",
        "polling_interval": 5000
    }
}
[2025-12-20T06:10:44+00:00] Handling proxy request {
    "proxy_action": "status",
    "numinix_url": "https://www.numinix.com/api/paypal_onboarding.php",
    "post_keys": [
        "tracking_id",
        "partner_referral_id",
        "merchant_id",
        "authCode",
        "sharedId",
        "auth_code",
        "shared_id",
        "nonce",
        "proxy_action",
        "action",
        "securityToken",
        "env"
    ],
    "store_environment": "live"
}
[2025-12-20T06:10:44+00:00] Proxy request to Numinix API {
    "action": "status",
    "url": "https://www.numinix.com/api/paypal_onboarding.php",
    "environment": "sandbox",
    "environment_source": "client",
    "payload_keys": [
        "tracking_id",
        "partner_referral_id",
        "merchant_id",
        "authCode",
        "sharedId",
        "auth_code",
        "shared_id",
        "nonce",
        "env",
        "nxp_paypal_action"
    ]
}
[2025-12-20T06:10:45+00:00] Numinix API response received {
    "action": "status",
    "http_code": 200,
    "response_length": 202
}
[2025-12-20T06:10:45+00:00] Proxy request completed {
    "proxy_action": "status",
    "success": true,
    "has_data": true,
    "store_environment": "live",
    "remote_environment": "sandbox",
    "environment_mismatch": true,
    "step": "waiting",
    "tracking_id": "nxp-c0a100580587edbdf2c1",
    "partner_referral_id": "",
    "has_credentials": false,
    "message": null,
    "data_keys": [
        "environment",
        "tracking_id",
        "partner_referral_id",
        "merchant_id",
        "step",
        "status_hint",
        "polling_interval"
    ],
    "sanitized_data": {
        "environment": "sandbox",
        "tracking_id": "nxp-c0a100580587edbdf2c1",
        "partner_referral_id": "",
        "merchant_id": "",
        "step": "waiting",
        "status_hint": "provisioning",
        "polling_interval": 5000
    }
}
[2025-12-20T06:10:51+00:00] Handling proxy request {
    "proxy_action": "status",
    "numinix_url": "https://www.numinix.com/api/paypal_onboarding.php",
    "post_keys": [
        "tracking_id",
        "partner_referral_id",
        "merchant_id",
        "authCode",
        "sharedId",
        "auth_code",
        "shared_id",
        "nonce",
        "proxy_action",
        "action",
        "securityToken",
        "env"
    ],
    "store_environment": "live"
}
[2025-12-20T06:10:51+00:00] Proxy request to Numinix API {
    "action": "status",
    "url": "https://www.numinix.com/api/paypal_onboarding.php",
    "environment": "sandbox",
    "environment_source": "client",
    "payload_keys": [
        "tracking_id",
        "partner_referral_id",
        "merchant_id",
        "authCode",
        "sharedId",
        "auth_code",
        "shared_id",
        "nonce",
        "env",
        "nxp_paypal_action"
    ]
}
[2025-12-20T06:10:52+00:00] Numinix API response received {
    "action": "status",
    "http_code": 200,
    "response_length": 202
}
[2025-12-20T06:10:52+00:00] Proxy request completed {
    "proxy_action": "status",
    "success": true,
    "has_data": true,
    "store_environment": "live",
    "remote_environment": "sandbox",
    "environment_mismatch": true,
    "step": "waiting",
    "tracking_id": "nxp-c0a100580587edbdf2c1",
    "partner_referral_id": "",
    "has_credentials": false,
    "message": null,
    "data_keys": [
        "environment",
        "tracking_id",
        "partner_referral_id",
        "merchant_id",
        "step",
        "status_hint",
        "polling_interval"
    ],
    "sanitized_data": {
        "environment": "sandbox",
        "tracking_id": "nxp-c0a100580587edbdf2c1",
        "partner_referral_id": "",
        "merchant_id": "",
        "step": "waiting",
        "status_hint": "provisioning",
        "polling_interval": 5000
    }
}
[2025-12-20T06:10:58+00:00] Handling proxy request {
    "proxy_action": "status",
    "numinix_url": "https://www.numinix.com/api/paypal_onboarding.php",
    "post_keys": [
        "tracking_id",
        "partner_referral_id",
        "merchant_id",
        "authCode",
        "sharedId",
        "auth_code",
        "shared_id",
        "nonce",
        "proxy_action",
        "action",
        "securityToken",
        "env"
    ],
    "store_environment": "live"
}
[2025-12-20T06:10:58+00:00] Proxy request to Numinix API {
    "action": "status",
    "url": "https://www.numinix.com/api/paypal_onboarding.php",
    "environment": "sandbox",
    "environment_source": "client",
    "payload_keys": [
        "tracking_id",
        "partner_referral_id",
        "merchant_id",
        "authCode",
        "sharedId",
        "auth_code",
        "shared_id",
        "nonce",
        "env",
        "nxp_paypal_action"
    ]
}
[2025-12-20T06:10:59+00:00] Numinix API response received {
    "action": "status",
    "http_code": 200,
    "response_length": 202
}
[2025-12-20T06:10:59+00:00] Proxy request completed {
    "proxy_action": "status",
    "success": true,
    "has_data": true,
    "store_environment": "live",
    "remote_environment": "sandbox",
    "environment_mismatch": true,
    "step": "waiting",
    "tracking_id": "nxp-c0a100580587edbdf2c1",
    "partner_referral_id": "",
    "has_credentials": false,
    "message": null,
    "data_keys": [
        "environment",
        "tracking_id",
        "partner_referral_id",
        "merchant_id",
        "step",
        "status_hint",
        "polling_interval"
    ],
    "sanitized_data": {
        "environment": "sandbox",
        "tracking_id": "nxp-c0a100580587edbdf2c1",
        "partner_referral_id": "",
        "merchant_id": "",
        "step": "waiting",
        "status_hint": "provisioning",
        "polling_interval": 5000
    }
}
[2025-12-20T06:11:55+00:00] Completion handler called {
    "has_merchant_id": true,
    "has_auth_code": false,
    "has_shared_id": false,
    "has_tracking_id": true,
    "environment": "sandbox",
    "all_get_params": [
        "action",
        "env",
        "tracking_id",
        "merchantId",
        "merchantIdInPayPal",
        "productIntentId",
        "isEmailConfirmed",
        "accountStatus",
        "permissionsGranted",
        "consentStatus",
        "riskStatus"
    ],
    "merchant_id_value": "4N75MD5JG25EQ"
}
[2025-12-20T06:11:56+00:00] Handling proxy request {
    "proxy_action": "finalize",
    "numinix_url": "https://www.numinix.com/api/paypal_onboarding.php",
    "post_keys": [
        "proxy_action",
        "action",
        "securityToken",
        "tracking_id",
        "merchant_id",
        "authCode",
        "sharedId",
        "env",
        "nonce"
    ],
    "store_environment": "live"
}
[2025-12-20T06:11:56+00:00] Proxy request to Numinix API {
    "action": "finalize",
    "url": "https://www.numinix.com/api/paypal_onboarding.php",
    "environment": "sandbox",
    "environment_source": "client",
    "payload_keys": [
        "tracking_id",
        "merchant_id",
        "authCode",
        "sharedId",
        "env",
        "nonce",
        "nxp_paypal_action"
    ]
}
[2025-12-20T06:11:57+00:00] Numinix API response received {
    "action": "finalize",
    "http_code": 200,
    "response_length": 215
}
[2025-12-20T06:11:57+00:00] Proxy request completed {
    "proxy_action": "finalize",
    "success": true,
    "has_data": true,
    "store_environment": "live",
    "remote_environment": "sandbox",
    "environment_mismatch": true,
    "step": "waiting",
    "tracking_id": "nxp-c0a100580587edbdf2c1",
    "partner_referral_id": "",
    "has_credentials": false,
    "message": null,
    "data_keys": [
        "environment",
        "tracking_id",
        "partner_referral_id",
        "merchant_id",
        "step",
        "status_hint",
        "polling_interval"
    ],
    "sanitized_data": {
        "environment": "sandbox",
        "tracking_id": "nxp-c0a100580587edbdf2c1",
        "partner_referral_id": "",
        "merchant_id": "4N75MD5JG25EQ",
        "step": "waiting",
        "status_hint": "provisioning",
        "polling_interval": 5000
    }
}
[2025-12-20T06:12:02+00:00] Handling proxy request {
    "proxy_action": "finalize",
    "numinix_url": "https://www.numinix.com/api/paypal_onboarding.php",
    "post_keys": [
        "proxy_action",
        "action",
        "securityToken",
        "tracking_id",
        "merchant_id",
        "authCode",
        "sharedId",
        "env",
        "nonce"
    ],
    "store_environment": "live"
}
[2025-12-20T06:12:02+00:00] Proxy request to Numinix API {
    "action": "finalize",
    "url": "https://www.numinix.com/api/paypal_onboarding.php",
    "environment": "sandbox",
    "environment_source": "client",
    "payload_keys": [
        "tracking_id",
        "merchant_id",
        "authCode",
        "sharedId",
        "env",
        "nonce",
        "nxp_paypal_action"
    ]
}
[2025-12-20T06:12:04+00:00] Numinix API response received {
    "action": "finalize",
    "http_code": 200,
    "response_length": 215
}
[2025-12-20T06:12:04+00:00] Proxy request completed {
    "proxy_action": "finalize",
    "success": true,
    "has_data": true,
    "store_environment": "live",
    "remote_environment": "sandbox",
    "environment_mismatch": true,
    "step": "waiting",
    "tracking_id": "nxp-c0a100580587edbdf2c1",
    "partner_referral_id": "",
    "has_credentials": false,
    "message": null,
    "data_keys": [
        "environment",
        "tracking_id",
        "partner_referral_id",
        "merchant_id",
        "step",
        "status_hint",
        "polling_interval"
    ],
    "sanitized_data": {
        "environment": "sandbox",
        "tracking_id": "nxp-c0a100580587edbdf2c1",
        "partner_referral_id": "",
        "merchant_id": "4N75MD5JG25EQ",
        "step": "waiting",
        "status_hint": "provisioning",
        "polling_interval": 5000
    }
}
